[1939.891] DBG: SystemInit: DistanceFog_System::Startup(): 0 Milliseconds
[1939.891] DBG: SystemInit: ColorKey_System::Startup(): 38 Milliseconds
[1939.891] DBG: SystemInit: GameSplineDatabase::Startup(): 0 Milliseconds
[1939.891] DBG: SystemInit: RiverVisSystem::Startup(): 0 Milliseconds
[1939.891] DBG: SystemInit: Unit_System::Startup(): 5041 Milliseconds
[1939.891] DBG: SystemInit: Overlay_System::Startup(): 19 Milliseconds
[1939.891] DBG: SystemInit: Arrow_System::Startup(): 1 Milliseconds
[1939.892] DBG: SystemInit: MovementPathSystem::Startup(): 51 Milliseconds
[1939.892] DBG: SystemInit: Decal_System::Startup(): 0 Milliseconds
[1939.892] DBG: SystemInit: FluidFOW_System::Startup(): 4 Milliseconds
[1939.892] DBG: SystemInit: FOW_System::Startup(): 1 Milliseconds
[1939.892] DBG: SystemInit: City_System::Startup(): 1369 Milliseconds
[1939.892] DBG: SystemInit: LandmarkSystem::Startup(): 4805 Milliseconds
[1939.892] DBG: SystemInit: Forest_System::Startup(): 32 Milliseconds
[1939.892] DBG: SystemInit: Particle_System::Startup(): 209 Milliseconds
[1939.892] DBG: SystemInit: Wave_System::Startup(): 0 Milliseconds
[1939.892] DBG: SystemInit: MiniMap_System::Startup(): 2 Milliseconds
[1939.892] DBG: SystemInit: TerrainSystem::Startup(): 177 Milliseconds
[1939.892] DBG: SystemInit: LeaderHead_System::Startup(): 1 Milliseconds
[1939.892] DBG: SystemInit: Combat_System::Startup(): 0 Milliseconds
[1939.892] DBG: SystemInit: StrategicView::Startup(): 32 Milliseconds
[1939.892] DBG: SystemInit: AudioSimSystem::Startup(): 0 Milliseconds
