[19879.591] , Validating Game Database, 0.595634
[19879.591] , Validating Game Database, 0.595781
[19879.652] , Colors, 0.001080
[19879.653] , PlayerColors, 0.001198
[19879.654] , InterfaceModes, 0.000659
[19879.656] , AICityStrategies, 0.002180
[19879.658] , AIEconomicStrategies, 0.002153
[19879.659] , AIGrandStrategies, 0.001144
[19879.662] , AIMilitaryStrategies, 0.002572
[19879.663] , CitySpecializations, 0.001102
[19879.664] , TacticalMoves, 0.000402
[19879.664] , UnitAIInfos, 0.000303
[19879.664] , UnitCombatInfos, 0.000118
[19879.667] , BuildingClasses, 0.002846
[19879.724] , Buildings, 0.057005
[19879.724] , EmphasizeInfos, 0.000200
[19879.725] , Eras, 0.000326
[19879.725] , GameOptions, 0.000186
[19879.725] , GameSpeeds, 0.000319
[19879.727] , HandicapInfos, 0.001911
[19879.727] , HurryInfos, 0.000063
[19879.727] , MultiplayerOptions, 0.000059
[19879.727] , PlayerOptions, 0.000099
[19879.765] , Policies, 0.037262
[19879.765] , PolicyBranchTypes, 0.000339
[19879.765] , Processes, 0.000123
[19879.766] , Projects, 0.000781
[19879.766] , SmallAwards, 0.000034
[19879.766] , Specialists, 0.000323
[19879.766] , Victories, 0.000166
[19879.767] , Votes, 0.000162
[19879.768] , VoteSources, 0.000145
[19879.768] , Domains, 0.000065
[19879.773] , Leaders, 0.005136
[19879.773] , Routes, 0.000285
[19879.773] , Notifications, 0.000190
[19879.798] , Technologies, 0.024242
[19879.800] , Features, 0.001780
[19879.807] , Improvements, 0.007915
[19879.808] , ResourceClasses, 0.000044
[19879.812] , Resources, 0.004015
[19879.812] , Terrains, 0.000672
[19879.812] , Yields, 0.000090
[19879.813] , Automates, 0.000102
[19879.815] , Builds, 0.002682
[19879.815] , Commands, 0.000209
[19879.816] , Controls, 0.000578
[19879.818] , EntityEvents, 0.001573
[19879.818] , Missions, 0.000690
[19879.819] , MultiUnitFormations, 0.000913
[19879.820] , SpecialUnits, 0.000248
[19879.820] , UnitClasses, 0.000484
[19879.859] , UnitPromotions, 0.039356
[19879.906] , Units, 0.046272
[19879.919] , Civilizations, 0.013099
[19879.921] , MinorCivilizations, 0.001831
[19879.925] , Traits, 0.004715
[19879.926] , PrefetchGameData, 0.274733
[19879.926] , UpdatePlayableCivilizationCounts, 0.000001
[19879.926] , SetGlobalActionInfo, 0.000140
[19880.546] , Validating Game Database, 0.593463
[19880.546] , Validating Game Database, 0.593484
[19880.592] , Colors, 0.000693
[19880.593] , PlayerColors, 0.000743
[19880.593] , InterfaceModes, 0.000427
[19880.595] , AICityStrategies, 0.001630
[19880.596] , AIEconomicStrategies, 0.001758
[19880.597] , AIGrandStrategies, 0.000337
[19880.598] , AIMilitaryStrategies, 0.001354
[19880.599] , CitySpecializations, 0.000680
[19880.599] , TacticalMoves, 0.000286
[19880.599] , UnitAIInfos, 0.000205
[19880.600] , UnitCombatInfos, 0.000082
[19880.601] , BuildingClasses, 0.001944
[19880.658] , Buildings, 0.056822
[19880.659] , EmphasizeInfos, 0.000192
[19880.659] , Eras, 0.000284
[19880.659] , GameOptions, 0.000201
[19880.659] , GameSpeeds, 0.000309
[19880.661] , HandicapInfos, 0.001953
[19880.661] , HurryInfos, 0.000060
[19880.662] , MultiplayerOptions, 0.000062
[19880.662] , PlayerOptions, 0.000115
[19880.696] , Policies, 0.033922
[19880.696] , PolicyBranchTypes, 0.000324
[19880.696] , Processes, 0.000119
[19880.697] , Projects, 0.000822
[19880.697] , SmallAwards, 0.000033
[19880.697] , Specialists, 0.000324
[19880.697] , Victories, 0.000168
[19880.698] , Votes, 0.000113
[19880.698] , VoteSources, 0.000063
[19880.698] , Domains, 0.000047
[19880.703] , Leaders, 0.004768
[19880.703] , Routes, 0.000256
[19880.703] , Notifications, 0.000205
[19880.728] , Technologies, 0.024535
[19880.729] , Features, 0.001823
[19880.738] , Improvements, 0.008103
[19880.738] , ResourceClasses, 0.000043
[19880.742] , Resources, 0.004018
[19880.742] , Terrains, 0.000674
[19880.742] , Yields, 0.000091
[19880.743] , Automates, 0.000101
[19880.745] , Builds, 0.002746
[19880.746] , Commands, 0.000210
[19880.746] , Controls, 0.000613
[19880.748] , EntityEvents, 0.001433
[19880.748] , Missions, 0.000672
[19880.749] , MultiUnitFormations, 0.000923
[19880.750] , SpecialUnits, 0.000268
[19880.750] , UnitClasses, 0.000510
[19880.789] , UnitPromotions, 0.039100
[19880.836] , Units, 0.046617
[19880.849] , Civilizations, 0.012892
[19880.851] , MinorCivilizations, 0.001827
[19880.855] , Traits, 0.004577
[19880.855] , PrefetchGameData, 0.264262
[19880.855] , UpdatePlayableCivilizationCounts, 0.000001
[19880.856] , SetGlobalActionInfo, 0.000150
